\BOOKMARK [1][-]{section.1}{\376\377\000I\000n\000t\000r\000o\000d\000u\000c\000c\000i\000\363\000n}{}% 1
\BOOKMARK [2][-]{subsection.1.1}{\376\377\000P\000r\000o\000b\000l\000e\000m\000\341\000t\000i\000c\000a}{section.1}% 2
\BOOKMARK [2][-]{subsection.1.2}{\376\377\000S\000o\000l\000u\000c\000i\000\363\000n\000\040\000p\000r\000o\000p\000u\000e\000s\000t\000a}{section.1}% 3
\BOOKMARK [2][-]{subsection.1.3}{\376\377\000J\000u\000s\000t\000i\000f\000i\000c\000a\000c\000i\000\363\000n}{section.1}% 4
\BOOKMARK [2][-]{subsection.1.4}{\376\377\000O\000b\000j\000e\000t\000i\000v\000o\000\040\000g\000e\000n\000e\000r\000a\000l}{section.1}% 5
\BOOKMARK [2][-]{subsection.1.5}{\376\377\000O\000b\000j\000e\000t\000i\000v\000o\000s\000\040\000p\000a\000r\000t\000i\000c\000u\000l\000a\000r\000e\000s}{section.1}% 6
\BOOKMARK [1][-]{section.2}{\376\377\000M\000a\000r\000c\000o\000\040\000t\000e\000\363\000r\000i\000c\000o}{}% 7
\BOOKMARK [2][-]{subsection.2.1}{\376\377\000H\000i\000s\000t\000o\000r\000i\000a\000l\000\040\000c\000l\000\355\000n\000i\000c\000o}{section.2}% 8
\BOOKMARK [2][-]{subsection.2.2}{\376\377\000H\000i\000s\000t\000o\000r\000i\000a\000l\000\040\000c\000l\000\355\000n\000i\000c\000o\000\040\000d\000e\000n\000t\000a\000l}{section.2}% 9
\BOOKMARK [2][-]{subsection.2.3}{\376\377\000S\000i\000s\000t\000e\000m\000a\000s\000\040\000d\000e\000\040\000i\000n\000f\000o\000r\000m\000a\000c\000i\000\363\000n}{section.2}% 10
\BOOKMARK [1][-]{section.3}{\376\377\000E\000s\000t\000a\000d\000o\000\040\000d\000e\000l\000\040\000a\000r\000t\000e}{}% 11
\BOOKMARK [2][-]{subsection.3.1}{\376\377\000A\000r\000t\000\355\000c\000u\000l\000o\000s\000\040\000r\000e\000l\000a\000c\000i\000o\000n\000a\000d\000o\000s}{section.3}% 12
\BOOKMARK [2][-]{subsection.3.2}{\376\377\000T\000\351\000s\000i\000s\000\040\000r\000e\000l\000a\000c\000i\000o\000n\000a\000d\000a\000s}{section.3}% 13
\BOOKMARK [2][-]{subsection.3.3}{\376\377\000T\000r\000a\000b\000a\000j\000o\000s\000\040\000t\000e\000r\000m\000i\000n\000a\000l\000e\000s\000\040\000r\000e\000l\000a\000c\000i\000o\000n\000a\000d\000o\000s}{section.3}% 14
\BOOKMARK [2][-]{subsection.3.4}{\376\377\000S\000o\000f\000t\000w\000a\000r\000e\000\040\000r\000e\000l\000a\000c\000i\000o\000n\000a\000d\000o}{section.3}% 15
\BOOKMARK [1][-]{section.4}{\376\377\000A\000n\000\341\000l\000i\000s\000i\000s}{}% 16
\BOOKMARK [2][-]{subsection.4.1}{\376\377\000M\000o\000d\000e\000l\000o\000s\000\040\000d\000e\000\040\000p\000r\000o\000c\000e\000s\000o\000\040\000d\000e\000\040\000n\000e\000g\000o\000c\000i\000o}{section.4}% 17
\BOOKMARK [3][-]{subsubsection.4.1.1}{\376\377\000M\000o\000d\000e\000l\000o\000\040\000a\000c\000t\000u\000a\000l}{subsection.4.1}% 18
\BOOKMARK [3][-]{subsubsection.4.1.2}{\376\377\000M\000o\000d\000e\000l\000o\000\040\000p\000r\000o\000p\000u\000e\000s\000t\000o}{subsection.4.1}% 19
\BOOKMARK [2][-]{subsection.4.2}{\376\377\000M\000e\000t\000o\000d\000o\000l\000o\000g\000\355\000a}{section.4}% 20
\BOOKMARK [2][-]{subsection.4.3}{\376\377\000A\000n\000\341\000l\000i\000s\000i\000s\000\040\000d\000e\000\040\000r\000e\000q\000u\000e\000r\000i\000m\000i\000e\000n\000t\000o\000s}{section.4}% 21
\BOOKMARK [3][-]{subsubsection.4.3.1}{\376\377\000D\000e\000f\000i\000n\000i\000c\000i\000\363\000n\000\040\000d\000e\000\040\000a\000c\000t\000o\000r\000e\000s}{subsection.4.3}% 22
\BOOKMARK [3][-]{subsubsection.4.3.2}{\376\377\000R\000e\000q\000u\000e\000r\000i\000m\000i\000e\000n\000t\000o\000s\000\040\000f\000u\000n\000c\000i\000o\000n\000a\000l\000e\000s}{subsection.4.3}% 23
\BOOKMARK [1][-]{section.5}{\376\377\000D\000i\000s\000e\000\361\000o\000\040\000d\000e\000\040\000a\000r\000q\000u\000i\000t\000e\000c\000t\000u\000r\000a\000\040\000d\000e\000\040\000s\000o\000f\000t\000w\000a\000r\000e}{}% 24
\BOOKMARK [2][-]{subsection.5.1}{\376\377\000C\000a\000s\000o\000s\000\040\000d\000e\000\040\000u\000s\000o\000\040\000d\000e\000l\000\040\000m\000\363\000d\000u\000l\000o}{section.5}% 25
\BOOKMARK [1][-]{section.6}{\376\377\000D\000i\000s\000e\000\361\000o\000\040\000d\000e\000\040\000l\000a\000\040\000a\000r\000q\000u\000i\000t\000e\000c\000t\000u\000r\000a\000\040\000d\000e\000\040\000s\000o\000f\000t\000w\000a\000r\000e}{}% 26
\BOOKMARK [2][-]{subsection.6.1}{\376\377\000V\000i\000s\000t\000a\000\040\000d\000e\000\040\000e\000s\000c\000e\000n\000a\000r\000i\000o\000s}{section.6}% 27
\BOOKMARK [3][-]{subsubsection.6.1.1}{\376\377\000C\000a\000s\000o\000s\000\040\000d\000e\000\040\000u\000s\000o\000\040\000d\000e\000\040\000A\000d\000m\000i\000n\000i\000s\000t\000r\000a\000d\000o\000r\000\040\000d\000e\000l\000\040\000s\000i\000s\000t\000e\000m\000a}{subsection.6.1}% 28
\BOOKMARK [3][-]{subsubsection.6.1.2}{\376\377\000C\000a\000s\000o\000s\000\040\000d\000e\000\040\000u\000s\000o\000\040\000d\000e\000\040\000O\000d\000o\000n\000t\000\363\000l\000o\000g\000o\000\040\000a\000d\000m\000i\000n\000i\000s\000t\000r\000a\000d\000o\000r}{subsection.6.1}% 29
\BOOKMARK [3][-]{subsubsection.6.1.3}{\376\377\000C\000a\000s\000o\000s\000\040\000d\000e\000\040\000u\000s\000o\000\040\000d\000e\000\040\000O\000d\000o\000n\000t\000\363\000l\000o\000g\000o}{subsection.6.1}% 30
\BOOKMARK [3][-]{subsubsection.6.1.4}{\376\377\000C\000a\000s\000o\000s\000\040\000d\000e\000\040\000u\000s\000o\000\040\000d\000e\000\040\000A\000s\000i\000s\000t\000e\000n\000t\000e}{subsection.6.1}% 31
\BOOKMARK [2][-]{subsection.6.2}{\376\377\000V\000i\000s\000t\000a\000\040\000d\000e\000\040\000l\000\363\000g\000i\000c\000a}{section.6}% 32
\BOOKMARK [3][-]{subsubsection.6.2.1}{\376\377\000D\000i\000a\000g\000r\000a\000m\000a\000\040\000d\000e\000\040\000c\000l\000a\000s\000e\000s}{subsection.6.2}% 33
\BOOKMARK [2][-]{subsection.6.3}{\376\377\000V\000i\000s\000t\000a\000\040\000d\000e\000\040\000d\000a\000t\000o\000s}{section.6}% 34
\BOOKMARK [3][-]{subsubsection.6.3.1}{\376\377\000D\000i\000a\000g\000r\000a\000m\000a\000\040\000r\000e\000l\000a\000c\000i\000o\000n\000a\000l\000\040\000d\000e\000\040\000l\000a\000\040\000b\000a\000s\000e\000\040\000d\000e\000\040\000d\000a\000t\000o\000s}{subsection.6.3}% 35
\BOOKMARK [2][-]{subsection.6.4}{\376\377\000V\000i\000s\000t\000a\000\040\000d\000e\000\040\000f\000\355\000s\000i\000c\000a}{section.6}% 36
\BOOKMARK [3][-]{subsubsection.6.4.1}{\376\377\000D\000i\000a\000g\000r\000a\000m\000a\000\040\000d\000e\000\040\000d\000e\000s\000p\000l\000i\000e\000g\000u\000e}{subsection.6.4}% 37
\BOOKMARK [2][-]{subsection.6.5}{\376\377\000T\000e\000m\000a\000s\000\040\000r\000e\000l\000a\000c\000i\000o\000n\000a\000d\000o\000s}{section.6}% 38
\BOOKMARK [3][-]{subsubsection.6.5.1}{\376\377\000M\000V\000C}{subsection.6.5}% 39
\BOOKMARK [3][-]{subsubsection.6.5.2}{\376\377\000F\000l\000u\000x}{subsection.6.5}% 40
\BOOKMARK [3][-]{subsubsection.6.5.3}{\376\377\000J\000u\000s\000t\000i\000f\000i\000c\000a\000c\000i\000\363\000n\000\040\000d\000e\000\040\000t\000e\000c\000n\000o\000l\000o\000g\000\355\000a\000s}{subsection.6.5}% 41
\BOOKMARK [1][-]{Item.112}{\376\377\000R\000e\000f\000e\000r\000e\000n\000c\000i\000a\000s}{}% 42
\BOOKMARK [1][-]{Item.112}{\376\377\000\315\000n\000d\000i\000c\000e\000\040\000d\000e\000\040\000f\000i\000g\000u\000r\000a\000s}{}% 43
\BOOKMARK [1][-]{Item.112}{\376\377\000\315\000n\000d\000i\000c\000e\000\040\000d\000e\000\040\000t\000a\000b\000l\000a\000s}{}% 44
\BOOKMARK [1][-]{section*.25}{\376\377\000A\000p\000\351\000n\000d\000i\000c\000e\000s}{}% 45
\BOOKMARK [1][-]{appendix.Alph1}{\376\377\000C\000o\000n\000f\000i\000g\000u\000r\000a\000c\000i\000\363\000n\000\040\000d\000e\000\040\000r\000e\000d\000\040\000u\000s\000a\000d\000a\000\040\000p\000a\000r\000a\000\040\000l\000a\000\040\000m\000\341\000q\000u\000i\000n\000a\000\040\000v\000i\000r\000t\000u\000a\000l}{}% 46
\BOOKMARK [1][-]{section*.26}{\376\377\000A\000n\000e\000x\000o\000s}{}% 47
\BOOKMARK [1][-]{appendix.Alph1}{\376\377\000E\000j\000e\000m\000p\000l\000o\000\040\000d\000e\000\040\000p\000\341\000g\000i\000n\000a\000\040\000d\000e\000\040\000e\000r\000r\000o\000r}{}% 48
