\BOOKMARK [1][-]{section.1}{\376\377\000S\000e\000c\000t\000i\000o\000n\000\040\000T\000i\000t\000l\000e}{}% 1
\BOOKMARK [2][-]{subsection.1.1}{\376\377\000S\000u\000b\000s\000e\000c\000t\000i\000o\000n\000\040\000T\000i\000t\000l\000e}{section.1}% 2
\BOOKMARK [1][-]{section.2}{\376\377\000S\000h\000o\000r\000t\000\040\000v\000e\000r\000s\000i\000o\000n\000\040\000o\000f\000\040\000l\000o\000n\000g\000\040\000s\000e\000c\000t\000i\000o\000n\000\040\000t\000i\000t\000l\000e}{}% 3
\BOOKMARK [2][-]{subsection.2.1}{\376\377\000S\000h\000o\000r\000t\000\040\000v\000e\000r\000s\000i\000o\000n\000\040\000o\000f\000\040\000l\000o\000n\000g\000\040\000s\000u\000b\000s\000e\000c\000t\000i\000o\000n\000\040\000t\000i\000t\000l\000e}{section.2}% 4
\BOOKMARK [1][-]{section.3}{\376\377\000F\000o\000n\000t\000\040\000E\000x\000a\000m\000p\000l\000e\000s}{}% 5
\BOOKMARK [2][-]{subsection.3.1}{\376\377\000F\000o\000n\000t\000\040\000S\000i\000z\000e\000s}{section.3}% 6
\BOOKMARK [2][-]{subsection.3.2}{\376\377\000F\000o\000n\000t\000\040\000F\000a\000m\000i\000l\000i\000e\000s}{section.3}% 7
\BOOKMARK [2][-]{subsection.3.3}{\376\377\000F\000o\000n\000t\000\040\000W\000e\000i\000g\000h\000t\000s}{section.3}% 8
\BOOKMARK [2][-]{subsection.3.4}{\376\377\000C\000o\000n\000d\000e\000n\000s\000e\000d\000\040\000F\000o\000n\000t\000s}{section.3}% 9
\BOOKMARK [1][-]{section.4}{\376\377\000Q\000u\000o\000t\000a\000t\000i\000o\000n\000s}{}% 10
\BOOKMARK [1][-]{section.5}{\376\377\000T\000a\000b\000l\000e\000\040\000E\000x\000a\000m\000p\000l\000e\000s}{}% 11
\BOOKMARK [1][-]{section.6}{\376\377\000F\000i\000g\000u\000r\000e\000\040\000E\000x\000a\000m\000p\000l\000e\000s}{}% 12
\BOOKMARK [1][-]{section.7}{\376\377\000L\000i\000s\000t\000\040\000E\000x\000a\000m\000p\000l\000e\000s}{}% 13
\BOOKMARK [2][-]{subsection.7.1}{\376\377\000B\000u\000l\000l\000e\000t\000\040\000P\000o\000i\000n\000t\000\040\000L\000i\000s\000t}{section.7}% 14
\BOOKMARK [2][-]{subsection.7.2}{\376\377\000N\000u\000m\000b\000e\000r\000e\000d\000\040\000L\000i\000s\000t}{section.7}% 15
\BOOKMARK [2][-]{subsection.7.3}{\376\377\000D\000e\000s\000c\000r\000i\000p\000t\000i\000o\000n\000\040\000L\000i\000s\000t}{section.7}% 16
\BOOKMARK [1][-]{section.8}{\376\377\000R\000e\000f\000e\000r\000e\000n\000c\000i\000n\000g\000\040\000C\000i\000t\000a\000t\000i\000o\000n\000s}{}% 17
\BOOKMARK [1][-]{section.9}{\376\377\000L\000i\000n\000k\000\040\000E\000x\000a\000m\000p\000l\000e\000s}{}% 18
\BOOKMARK [1][-]{section.10}{\376\377\000E\000q\000u\000a\000t\000i\000o\000n}{}% 19
\BOOKMARK [1][-]{section.11}{\376\377\000I\000n\000t\000e\000r\000n\000a\000t\000i\000o\000n\000a\000l\000\040\000S\000u\000p\000p\000o\000r\000t}{}% 20
\BOOKMARK [1][-]{section.12}{\376\377\000D\000i\000s\000p\000l\000a\000y\000i\000n\000g\000\040\000C\000o\000d\000e}{}% 21
\BOOKMARK [1][-]{section.13}{\376\377\000H\000e\000r\000r\000a\000m\000i\000e\000n\000t\000a\000s}{}% 22
\BOOKMARK [1][-]{section.14}{\376\377\000W\000e\000b\000S\000o\000c\000k\000e\000t\000\040\000U\000n\000e\000n\000c\000r\000y\000p\000t\000e\000d\000\040\000C\000o\000m\000m\000u\000n\000i\000c\000a\000t\000i\000o\000n\000s\000\040\000V\000e\000r\000i\000f\000i\000c\000a\000t\000i\000o\000n}{}% 23
\BOOKMARK [1][-]{section.15}{\376\377\000C\000r\000o\000s\000s\000-\000s\000i\000t\000e\000\040\000W\000e\000b\000S\000o\000c\000k\000e\000t\000\040\000h\000i\000j\000a\000c\000k\000i\000n\000g\000\040\000T\000e\000s\000t}{}% 24
\BOOKMARK [1][-]{section.16}{\376\377\000W\000e\000b\000S\000o\000c\000k\000e\000t\000\040\000D\000e\000n\000i\000a\000l\000\040\000o\000f\000\040\000S\000e\000r\000v\000i\000c\000e\000\040\000T\000e\000s\000t}{}% 25
\BOOKMARK [1][-]{section.17}{\376\377\000T\000L\000S\000/\000S\000S\000L\000\040\000V\000e\000r\000f\000i\000c\000a\000t\000i\000o\000n}{}% 26
\BOOKMARK [1][-]{section.18}{\376\377\000H\000T\000T\000P\000\040\000S\000e\000c\000u\000r\000i\000t\000y\000\040\000H\000e\000a\000d\000e\000r\000s\000\040\000V\000e\000r\000i\000f\000i\000c\000a\000t\000i\000o\000n}{}% 27
\BOOKMARK [1][-]{section.19}{\376\377\000H\000T\000T\000P\000\040\000H\000o\000s\000t\000\040\000H\000e\000a\000d\000e\000r\000\040\000I\000n\000j\000e\000c\000t\000i\000o\000n}{}% 28
\BOOKMARK [1][-]{section.20}{\376\377\000H\000T\000T\000P\000\040\000O\000p\000t\000i\000o\000n\000s\000\040\000M\000e\000t\000h\000o\000d\000\040\000V\000e\000r\000i\000f\000i\000c\000a\000t\000i\000o\000n}{}% 29
\BOOKMARK [1][-]{section.21}{\376\377\000H\000T\000T\000P\000\040\000T\000r\000a\000c\000e\000\040\000M\000e\000t\000h\000o\000d\000\040\000C\000h\000e\000c\000k}{}% 30
\BOOKMARK [1][-]{section.22}{\376\377\000H\000T\000T\000P\000\040\000C\000o\000o\000k\000i\000e\000s\000\040\000V\000e\000r\000i\000f\000i\000c\000a\000t\000i\000o\000n}{}% 31
\BOOKMARK [1][-]{section.23}{\376\377\000S\000u\000b\000r\000e\000s\000o\000u\000r\000c\000e\000\040\000I\000n\000t\000e\000g\000r\000i\000t\000y\000\040\000\050\000S\000R\000I\000\051\000\040\000I\000m\000p\000l\000e\000m\000e\000n\000t\000a\000t\000i\000o\000n\000\040\000V\000e\000r\000i\000f\000i\000c\000a\000t\000i\000o\000n}{}% 32
\BOOKMARK [1][-]{section.24}{\376\377\000L\000o\000g\000i\000n\000\040\000b\000r\000u\000t\000e\000\040\000f\000o\000r\000c\000e\000\040\000a\000t\000t\000a\000c\000k\000\040\000t\000e\000s\000t}{}% 33
\BOOKMARK [1][-]{section.25}{\376\377\000W\000e\000b\000\040\000a\000p\000p\000l\000i\000c\000a\000t\000i\000o\000n\000\040\000e\000x\000p\000l\000o\000r\000a\000t\000i\000o\000n}{}% 34
\BOOKMARK [1][-]{section.26}{\376\377\000P\000o\000r\000t\000s\000\040\000i\000d\000e\000n\000t\000i\000f\000i\000c\000a\000t\000i\000o\000n}{}% 35
\BOOKMARK [1][-]{section.27}{\376\377\000H\000o\000s\000t\000e\000d\000\040\000a\000n\000d\000\040\000r\000e\000l\000a\000t\000e\000d\000\040\000a\000p\000p\000l\000i\000c\000a\000t\000i\000o\000n\000s\000\040\000i\000d\000e\000n\000t\000i\000f\000i\000c\000a\000t\000i\000o\000n}{}% 36
\BOOKMARK [1][-]{section.28}{\376\377\000U\000s\000e\000r\000\040\000r\000o\000l\000e\000s\000\040\000i\000d\000e\000n\000t\000i\000f\000i\000c\000a\000t\000i\000o\000n}{}% 37
\BOOKMARK [1][-]{section.29}{\376\377\000F\000i\000l\000e\000s\000\040\000a\000n\000d\000\040\000f\000o\000l\000d\000e\000r\000s\000\040\000d\000i\000s\000c\000o\000v\000e\000r}{}% 38
\BOOKMARK [1][-]{section.30}{\376\377\000W\000e\000b\000\040\000a\000p\000p\000l\000i\000c\000a\000t\000i\000o\000n\000\040\000t\000e\000c\000h\000n\000o\000l\000o\000g\000i\000e\000s\000\040\000r\000e\000c\000o\000g\000n\000i\000t\000i\000o\000n}{}% 39
\BOOKMARK [1][-]{section.31}{\376\377\000S\000e\000a\000r\000c\000h\000\040\000f\000o\000r\000\040\000k\000n\000o\000w\000n\000\040\000v\000u\000l\000n\000e\000r\000a\000b\000i\000l\000i\000t\000i\000e\000s\000\040\000o\000f\000\040\000r\000e\000c\000o\000g\000n\000i\000z\000e\000d\000\040\000t\000e\000c\000h\000n\000o\000l\000o\000g\000i\000e\000s}{}% 40
\BOOKMARK [1][-]{section.32}{\376\377\000E\000x\000t\000r\000a\000c\000t\000i\000o\000n\000\040\000o\000f\000\040\000m\000e\000t\000a\000d\000a\000t\000a\000\040\000f\000r\000o\000m\000\040\000d\000o\000w\000n\000l\000o\000a\000d\000a\000b\000l\000e\000\040\000f\000i\000l\000e\000s}{}% 41
\BOOKMARK [1][-]{section.33}{\376\377\000E\000x\000t\000r\000a\000c\000t\000i\000o\000n\000\040\000o\000f\000\040\000e\000m\000b\000e\000d\000d\000e\000d\000\040\000f\000i\000l\000e\000s}{}% 42
\BOOKMARK [1][-]{section.34}{\376\377\000D\000a\000t\000a\000\040\000e\000x\000t\000r\000a\000c\000t\000i\000o\000n\000\040\000f\000r\000o\000m\000\040\000J\000a\000v\000a\000s\000c\000r\000i\000p\000t\000\040\000S\000o\000u\000r\000c\000e\000\040\000C\000o\000d\000e}{}% 43
\BOOKMARK [1][-]{section.35}{\376\377\000C\000o\000d\000e\000\040\000i\000n\000j\000e\000c\000t\000i\000o\000n\000\040\000v\000a\000l\000i\000d\000a\000t\000i\000o\000n}{}% 44
\BOOKMARK [1][-]{section.36}{\376\377\000C\000r\000o\000s\000s\000\040\000S\000i\000t\000e\000\040\000S\000c\000r\000i\000p\000t\000i\000n\000g\000\040\000V\000a\000l\000i\000d\000a\000t\000i\000o\000n}{}% 45
\BOOKMARK [1][-]{section.37}{\376\377\000F\000i\000l\000e\000\040\000u\000p\000l\000o\000a\000d\000\040\000f\000e\000a\000t\000u\000r\000e\000\040\000c\000h\000e\000c\000k\000:\000\040\000W\000e\000b\000s\000h\000e\000l\000l\000\040\000u\000p\000l\000o\000a\000d\000\040\000t\000e\000s\000t}{}% 46
\BOOKMARK [1][-]{Item.22}{\376\377\000R\000e\000f\000e\000r\000e\000n\000c\000e\000\040\000L\000i\000s\000t}{}% 47
\BOOKMARK [1][-]{appendix.a.A}{\376\377\000A\000p\000p\000e\000n\000d\000i\000x\000\040\000S\000e\000c\000t\000i\000o\000n}{}% 48
\BOOKMARK [1][-]{appendix.a.B}{\376\377\000A\000p\000p\000e\000n\000d\000i\000x\000\040\000S\000e\000c\000t\000i\000o\000n}{}% 49
\BOOKMARK [1][-]{appendix.a.C}{\376\377\000A\000p\000p\000e\000n\000d\000i\000x\000\040\000S\000e\000c\000t\000i\000o\000n}{}% 50
